2019-06-11T01:30:29.082Z - normal: Load ~/.CocosCreator/settings.json
2019-06-11T01:30:30.224Z - normal: Initializing Asset Database
2019-06-11T01:30:30.226Z - normal: checking language setting...
2019-06-11T01:30:30.226Z - normal: Language: zh
2019-06-11T01:30:30.894Z - success: preview server running at http://localhost:7456
2019-06-11T01:30:30.897Z - success: protocol editor-framework registered
2019-06-11T01:30:30.897Z - success: protocol app registered
2019-06-11T01:30:30.897Z - success: protocol theme registered
2019-06-11T01:30:30.897Z - success: protocol packages registered
2019-06-11T01:30:30.897Z - success: protocol uuid registerred
2019-06-11T01:30:30.897Z - success: protocol db registerred
2019-06-11T01:30:30.897Z - success: protocol thumbnail registerred
2019-06-11T01:30:30.897Z - success: protocol unpack registerred
2019-06-11T01:30:30.897Z - success: protocol disable-commonjs registerred
2019-06-11T01:30:30.981Z - normal: connected!
2019-06-11T01:30:30.984Z - normal: Check project D:\project\cocos\2048
2019-06-11T01:30:30.987Z - normal: Initializing project D:\project\cocos\2048
2019-06-11T01:30:31.763Z - normal: Initializing Cocos2d
2019-06-11T01:30:32.393Z - normal: Initializing engine extends
2019-06-11T01:30:32.396Z - normal: Loading editor/builtin packages from D:\software\cococreator\CocosCreator\resources\app.asar\editor\builtin
2019-06-11T01:30:32.400Z - normal: Loading builtin packages from D:\software\cococreator\CocosCreator\resources\builtin
2019-06-11T01:30:32.930Z - success: assets loaded
2019-06-11T01:30:32.931Z - success: asset-db-debugger loaded
2019-06-11T01:30:32.974Z - success: builder loaded
2019-06-11T01:30:32.975Z - success: code-editor loaded
2019-06-11T01:30:33.017Z - success: cocos-analytics loaded
2019-06-11T01:30:33.017Z - success: color-picker loaded
2019-06-11T01:30:33.099Z - success: console loaded
2019-06-11T01:30:33.100Z - success: google-play-instant loaded
2019-06-11T01:30:33.135Z - success: fb-instant-games loaded
2019-06-11T01:30:33.136Z - success: jsb-adapter loaded
2019-06-11T01:30:33.211Z - success: google-instant-games loaded
2019-06-11T01:30:33.211Z - success: oppo-runtime loaded
2019-06-11T01:30:33.239Z - success: hierarchy loaded
2019-06-11T01:30:33.239Z - success: package-manager loaded
2019-06-11T01:30:33.358Z - success: inspector loaded
2019-06-11T01:30:33.358Z - success: qqplay-adapter loaded
2019-06-11T01:30:33.363Z - success: keystore loaded
2019-06-11T01:30:33.364Z - success: sdkbox loaded
2019-06-11T01:30:33.370Z - success: node-library loaded
2019-06-11T01:30:33.370Z - success: tester loaded
2019-06-11T01:30:33.378Z - success: package-asset loaded
2019-06-11T01:30:33.378Z - success: ui-grid loaded
2019-06-11T01:30:33.392Z - success: preferences loaded
2019-06-11T01:30:33.392Z - success: ui-kit-preview-extra loaded
2019-06-11T01:30:33.397Z - success: project-exporter loaded
2019-06-11T01:30:33.397Z - success: ui-kit-preview loaded
2019-06-11T01:30:33.415Z - success: project-importer loaded
2019-06-11T01:30:33.415Z - success: ui-kit loaded
2019-06-11T01:30:33.419Z - success: project-settings loaded
2019-06-11T01:30:33.420Z - success: ui-tree loaded
2019-06-11T01:30:33.428Z - success: scene loaded
2019-06-11T01:30:33.428Z - success: vivo-runtime loaded
2019-06-11T01:30:33.433Z - success: simulator-debugger loaded
2019-06-11T01:30:33.433Z - success: weapp-adapter loaded
2019-06-11T01:30:33.434Z - success: sprite-editor loaded
2019-06-11T01:30:33.454Z - success: store loaded
2019-06-11T01:30:33.457Z - success: timeline loaded
2019-06-11T01:30:34.347Z - normal: Loading packages
2019-06-11T01:30:34.352Z - normal: Watching packages
2019-06-11T01:30:34.758Z - normal: Run Application
2019-06-11T01:31:00.063Z - normal: Start building with options : {
  "actualPlatform": "web-mobile",
  "android-instant": {
    "REMOTE_SERVER_ROOT": "",
    "host": "",
    "pathPattern": "",
    "recordPath": "",
    "scheme": "https",
    "skipRecord": false
  },
  "apiLevel": "",
  "appABIs": [],
  "appKey": "",
  "appSecret": "",
  "buildPath": "D:\\project\\cocos\\2048\\build",
  "debug": false,
  "dest": "D:\\project\\cocos\\2048\\build\\web-mobile",
  "embedWebDebugger": false,
  "encryptJs": true,
  "excludeScenes": [],
  "excludedModules": [],
  "fb-instant-games": {},
  "includeAnySDK": false,
  "includeSDKBox": false,
  "inlineSpriteFrames": true,
  "inlineSpriteFrames_native": true,
  "jailbreakPlatform": false,
  "md5Cache": false,
  "mergeStartScene": false,
  "oauthLoginServer": "",
  "optimizeHotUpdate": false,
  "orientation": {
    "landscapeLeft": true,
    "landscapeRight": true,
    "portrait": false,
    "upsideDown": false
  },
  "packageName": "org.cocos2d.helloworld",
  "platform": "web-mobile",
  "previewHeight": "720",
  "previewWidth": "1280",
  "privateKey": "",
  "qqplay": {
    "REMOTE_SERVER_ROOT": "",
    "orientation": "portrait",
    "zip": false
  },
  "scenes": [
    "2d2f792f-a40c-49bb-a189-ed176a246e49"
  ],
  "sourceMaps": false,
  "startScene": "2d2f792f-a40c-49bb-a189-ed176a246e49",
  "template": "link",
  "title": "2048",
  "useDebugKeystore": true,
  "vsVersion": "auto",
  "webOrientation": "portrait",
  "wechatgame": {
    "REMOTE_SERVER_ROOT": "",
    "appid": "wx6ac3f5090a6b99c5",
    "orientation": "portrait",
    "subContext": ""
  },
  "xxteaKey": "15217ec3-247a-4a",
  "zipCompressJs": true,
  "project": "D:\\project\\cocos\\2048",
  "projectName": "2048",
  "debugBuildWorker": false
}
2019-06-11T01:31:00.064Z - normal: Building D:\project\cocos\2048
2019-06-11T01:31:00.065Z - normal: Destination D:\project\cocos\2048\build\web-mobile
2019-06-11T01:31:00.291Z - normal: Delete D:\project\cocos\2048\build\web-mobile\**\*
2019-06-11T01:31:02.521Z - normal: Start building assets
2019-06-11T01:31:02.521Z - normal: Start spawn build-worker
2019-06-11T01:31:03.159Z - normal: Finish spawn build-worker
2019-06-11T01:31:03.159Z - normal: Start init build-worker
2019-06-11T01:31:05.975Z - normal: Finish init build-worker
2019-06-11T01:31:05.975Z - normal: Start build-assets in worker
2019-06-11T01:31:06.185Z - normal: Finish build-assets in worker
2019-06-11T01:31:06.192Z - normal: Finish building assets
2019-06-11T01:31:06.197Z - normal: Start building plugin scripts
2019-06-11T01:31:06.203Z - normal: Generating main.js from D:\software\cococreator\CocosCreator\resources\static\build-templates\shares\main.js
2019-06-11T01:31:06.213Z - normal: Generating html from D:\software\cococreator\CocosCreator\resources\static\build-templates\web-mobile\template\index.html
2019-06-11T01:31:06.259Z - normal: Built to "D:\project\cocos\2048\build\web-mobile" successfully
2019-06-11T01:35:13.580Z - info: shutdown preview server
